<?xml version="1.0" encoding="UTF-8"?>
<testng-results ignored="0" total="1" passed="1" failed="0" skipped="0">
  <reporter-output>
  </reporter-output>
  <suite started-at="2024-08-01T10:54:55 IST" name="Default suite" finished-at="2024-08-01T10:55:07 IST" duration-ms="12128">
    <groups>
    </groups>
    <test started-at="2024-08-01T10:54:55 IST" name="Default test" finished-at="2024-08-01T10:55:07 IST" duration-ms="12128">
      <class name="com.Store_Ganesh.Verify_User_is_able_To_AddProduct">
        <test-method is-config="true" signature="beforeSuite()[pri:0, instance:com.Store_Ganesh.Verify_User_is_able_To_AddProduct@5b38c1ec]" started-at="2024-08-01T10:54:55 IST" name="beforeSuite" finished-at="2024-08-01T10:54:55 IST" duration-ms="14" status="PASS">
          <reporter-output>
          </reporter-output>
        </test-method> <!-- beforeSuite -->
        <test-method is-config="true" signature="beforeTest()[pri:0, instance:com.Store_Ganesh.Verify_User_is_able_To_AddProduct@5b38c1ec]" started-at="2024-08-01T10:54:55 IST" name="beforeTest" finished-at="2024-08-01T10:54:55 IST" duration-ms="228" status="PASS">
          <reporter-output>
          </reporter-output>
        </test-method> <!-- beforeTest -->
        <test-method is-config="true" signature="beforeClass()[pri:0, instance:com.Store_Ganesh.Verify_User_is_able_To_AddProduct@5b38c1ec]" started-at="2024-08-01T10:54:55 IST" name="beforeClass" finished-at="2024-08-01T10:54:59 IST" duration-ms="3971" status="PASS">
          <reporter-output>
          </reporter-output>
        </test-method> <!-- beforeClass -->
        <test-method is-config="true" signature="beforeMethod()[pri:0, instance:com.Store_Ganesh.Verify_User_is_able_To_AddProduct@5b38c1ec]" started-at="2024-08-01T10:54:59 IST" name="beforeMethod" finished-at="2024-08-01T10:55:01 IST" duration-ms="1284" status="PASS">
          <reporter-output>
          </reporter-output>
        </test-method> <!-- beforeMethod -->
        <test-method signature="addProduct()[pri:0, instance:com.Store_Ganesh.Verify_User_is_able_To_AddProduct@5b38c1ec]" started-at="2024-08-01T10:55:01 IST" name="addProduct" finished-at="2024-08-01T10:55:03 IST" duration-ms="2354" status="PASS">
          <reporter-output>
          </reporter-output>
        </test-method> <!-- addProduct -->
        <test-method is-config="true" signature="afterMethod()[pri:0, instance:com.Store_Ganesh.Verify_User_is_able_To_AddProduct@5b38c1ec]" started-at="2024-08-01T10:55:03 IST" name="afterMethod" finished-at="2024-08-01T10:55:03 IST" duration-ms="0" status="PASS">
          <reporter-output>
          </reporter-output>
        </test-method> <!-- afterMethod -->
        <test-method is-config="true" signature="afterClass()[pri:0, instance:com.Store_Ganesh.Verify_User_is_able_To_AddProduct@5b38c1ec]" started-at="2024-08-01T10:55:03 IST" name="afterClass" finished-at="2024-08-01T10:55:06 IST" duration-ms="3421" status="PASS">
          <reporter-output>
          </reporter-output>
        </test-method> <!-- afterClass -->
        <test-method is-config="true" signature="afterTest()[pri:0, instance:com.Store_Ganesh.Verify_User_is_able_To_AddProduct@5b38c1ec]" started-at="2024-08-01T10:55:06 IST" name="afterTest" finished-at="2024-08-01T10:55:07 IST" duration-ms="820" status="PASS">
          <reporter-output>
          </reporter-output>
        </test-method> <!-- afterTest -->
        <test-method is-config="true" signature="afterSuite()[pri:0, instance:com.Store_Ganesh.Verify_User_is_able_To_AddProduct@5b38c1ec]" started-at="2024-08-01T10:55:07 IST" name="afterSuite" finished-at="2024-08-01T10:55:07 IST" duration-ms="0" status="PASS">
          <reporter-output>
          </reporter-output>
        </test-method> <!-- afterSuite -->
      </class> <!-- com.Store_Ganesh.Verify_User_is_able_To_AddProduct -->
    </test> <!-- Default test -->
  </suite> <!-- Default suite -->
</testng-results>
